*** Starting uWSGI 2.0.17 (64bit) on [Thu May  3 12:20:13 2018] ***
compiled with version: 5.4.0 20160609 on 02 May 2018 21:45:13
os: Linux-4.4.0-31-generic #50-Ubuntu SMP Wed Jul 13 00:07:12 UTC 2016
nodename: ubuntu
machine: x86_64
clock source: unix
pcre jit disabled
detected number of CPU cores: 1
current working directory: /home/python/code/dailyfresh
writing pidfile to uwsgi.pid
detected binary path: /home/python/.virtualenvs/django_py3/bin/uwsgi
chdir() to /home/python/code/dailyfresh
your processes number limit is 11519
your memory page size is 4096 bytes
detected max file descriptor number: 1048576
lock engine: pthread robust mutexes
thunder lock: disabled (you can enable it with --thunder-lock)
probably another instance of uWSGI is running on the same address (127.0.0.1:8080).
bind(): Address already in use [core/socket.c line 769]
*** Starting uWSGI 2.0.17 (64bit) on [Thu May  3 12:20:44 2018] ***
compiled with version: 5.4.0 20160609 on 02 May 2018 21:45:13
os: Linux-4.4.0-31-generic #50-Ubuntu SMP Wed Jul 13 00:07:12 UTC 2016
nodename: ubuntu
machine: x86_64
clock source: unix
pcre jit disabled
detected number of CPU cores: 1
current working directory: /home/python/code/dailyfresh
writing pidfile to uwsgi.pid
detected binary path: /home/python/.virtualenvs/django_py3/bin/uwsgi
chdir() to /home/python/code/dailyfresh
your processes number limit is 11519
your memory page size is 4096 bytes
detected max file descriptor number: 1048576
lock engine: pthread robust mutexes
thunder lock: disabled (you can enable it with --thunder-lock)
uWSGI http bound on 127.0.0.1:8080 fd 4
uwsgi socket 0 bound to TCP address 127.0.0.1:45611 (port auto-assigned) fd 3
Python version: 3.5.2 (default, Nov 23 2017, 16:37:01)  [GCC 5.4.0 20160609]
Set PythonHome to /home/python/.virtualenvs/django_py3
Python main interpreter initialized at 0x1828530
python threads support enabled
your server socket listen backlog is limited to 100 connections
your mercy for graceful operations on workers is 60 seconds
mapped 416880 bytes (407 KB) for 8 cores
*** Operational MODE: preforking+threaded ***
WSGI app 0 (mountpoint='') ready in 1 seconds on interpreter 0x1828530 pid: 46299 (default app)
*** uWSGI is running in multiple interpreter mode ***
spawned uWSGI master process (pid: 46299)
spawned uWSGI worker 1 (pid: 46303, cores: 2)
spawned uWSGI worker 2 (pid: 46304, cores: 2)
spawned uWSGI worker 3 (pid: 46305, cores: 2)
spawned uWSGI worker 4 (pid: 46306, cores: 2)
spawned uWSGI http 1 (pid: 46307)
使用缓存
[pid: 46303|app: 0|req: 1/1] 127.0.0.1 () {38 vars in 662 bytes} [Thu May  3 12:21:42 2018] GET /index => generated 19001 bytes in 801 msecs (HTTP/1.1 200) 3 headers in 102 bytes (1 switches on core 0)
[pid: 46303|app: 0|req: 3/2] 127.0.0.1 () {38 vars in 661 bytes} [Thu May  3 12:21:44 2018] GET /static/js/jquery-1.12.4.min.js => generated 104 bytes in 39 msecs (HTTP/1.1 404) 2 headers in 80 bytes (1 switches on core 0)
[pid: 46303|app: 0|req: 3/3] 127.0.0.1 () {38 vars in 656 bytes} [Thu May  3 12:21:43 2018] GET /static/css/reset.css => generated 94 bytes in 91 msecs (HTTP/1.1 404) 2 headers in 80 bytes (1 switches on core 1)
[pid: 46306|app: 0|req: 1/4] 127.0.0.1 () {38 vars in 637 bytes} [Thu May  3 12:21:44 2018] GET /static/js/slide.js => generated 92 bytes in 646 msecs (HTTP/1.1 404) 2 headers in 80 bytes (1 switches on core 0)
[pid: 46305|app: 0|req: 2/6] 127.0.0.1 () {38 vars in 654 bytes} [Thu May  3 12:21:43 2018] GET /static/css/main.css => generated 93 bytes in 717 msecs (HTTP/1.1 404) 2 headers in 80 bytes (1 switches on core 0)
[pid: 46305|app: 0|req: 2/6] 127.0.0.1 () {38 vars in 653 bytes} [Thu May  3 12:21:44 2018] GET /static/js/jquery-ui.min.js => generated 100 bytes in 667 msecs (HTTP/1.1 404) 2 headers in 80 bytes (1 switches on core 1)
[pid: 46306|app: 0|req: 2/7] 127.0.0.1 () {38 vars in 645 bytes} [Thu May  3 12:21:44 2018] GET /static/images/logo.png => generated 96 bytes in 2 msecs (HTTP/1.1 404) 2 headers in 80 bytes (1 switches on core 1)
[pid: 46304|app: 0|req: 1/8] 127.0.0.1 () {38 vars in 637 bytes} [Thu May  3 12:21:44 2018] GET /static/js/slide.js => generated 92 bytes in 277 msecs (HTTP/1.1 404) 2 headers in 80 bytes (1 switches on core 0)
[pid: 46306|app: 0|req: 3/9] 127.0.0.1 () {38 vars in 645 bytes} [Thu May  3 12:21:45 2018] GET /static/images/logo.png => generated 96 bytes in 1 msecs (HTTP/1.1 404) 2 headers in 80 bytes (1 switches on core 1)
[pid: 46305|app: 0|req: 3/10] 127.0.0.1 () {38 vars in 637 bytes} [Thu May  3 12:21:45 2018] GET /static/js/slide.js => generated 92 bytes in 1 msecs (HTTP/1.1 404) 2 headers in 80 bytes (1 switches on core 0)
*** Starting uWSGI 2.0.17 (64bit) on [Thu May  3 12:33:27 2018] ***
compiled with version: 5.4.0 20160609 on 02 May 2018 21:45:13
os: Linux-4.4.0-31-generic #50-Ubuntu SMP Wed Jul 13 00:07:12 UTC 2016
nodename: ubuntu
machine: x86_64
clock source: unix
pcre jit disabled
detected number of CPU cores: 1
current working directory: /home/python/code/dailyfresh
writing pidfile to uwsgi.pid
detected binary path: /home/python/.virtualenvs/django_py3/bin/uwsgi
chdir() to /home/python/code/dailyfresh
your processes number limit is 11519
your memory page size is 4096 bytes
detected max file descriptor number: 1048576
lock engine: pthread robust mutexes
thunder lock: disabled (you can enable it with --thunder-lock)
probably another instance of uWSGI is running on the same address (127.0.0.1:8080).
bind(): Address already in use [core/socket.c line 769]
Thu May  3 12:37:02 2018 - uWSGI worker 4 screams: UAAAAAAH my master disconnected: i will kill myself !!!
Thu May  3 12:37:02 2018 - uWSGI worker 2 screams: UAAAAAAH my master disconnected: i will kill myself !!!
*** Starting uWSGI 2.0.17 (64bit) on [Thu May  3 12:37:24 2018] ***
compiled with version: 5.4.0 20160609 on 02 May 2018 21:45:13
os: Linux-4.4.0-31-generic #50-Ubuntu SMP Wed Jul 13 00:07:12 UTC 2016
nodename: ubuntu
machine: x86_64
clock source: unix
pcre jit disabled
detected number of CPU cores: 1
current working directory: /home/python/code/dailyfresh
writing pidfile to uwsgi.pid
detected binary path: /home/python/.virtualenvs/django_py3/bin/uwsgi
chdir() to /home/python/code/dailyfresh
your processes number limit is 11519
your memory page size is 4096 bytes
detected max file descriptor number: 1048576
lock engine: pthread robust mutexes
thunder lock: disabled (you can enable it with --thunder-lock)
uwsgi socket 0 bound to TCP address 127.0.0.1:8080 fd 3
Python version: 3.5.2 (default, Nov 23 2017, 16:37:01)  [GCC 5.4.0 20160609]
Set PythonHome to /home/python/.virtualenvs/django_py3
Python main interpreter initialized at 0x16c2430
python threads support enabled
your server socket listen backlog is limited to 100 connections
your mercy for graceful operations on workers is 60 seconds
mapped 416880 bytes (407 KB) for 8 cores
*** Operational MODE: preforking+threaded ***
WSGI app 0 (mountpoint='') ready in 1 seconds on interpreter 0x16c2430 pid: 46507 (default app)
*** uWSGI is running in multiple interpreter mode ***
spawned uWSGI master process (pid: 46507)
spawned uWSGI worker 1 (pid: 46511, cores: 2)
spawned uWSGI worker 2 (pid: 46512, cores: 2)
spawned uWSGI worker 3 (pid: 46513, cores: 2)
spawned uWSGI worker 4 (pid: 46514, cores: 2)
没有缓存，从mysql数据库中读取
[pid: 46511|app: 0|req: 1/1] 127.0.0.1 () {40 vars in 696 bytes} [Thu May  3 12:37:33 2018] GET /index => generated 19001 bytes in 690 msecs (HTTP/1.1 200) 3 headers in 102 bytes (1 switches on core 0)












